<?xml version="1.0" encoding="UTF-8"?>
<testng-results ignored="0" total="1" passed="1" failed="0" skipped="0">
  <reporter-output>
  </reporter-output>
  <suite started-at="2024-09-02T15:11:35 IST" name="Default suite" finished-at="2024-09-02T15:12:37 IST" duration-ms="62077">
    <groups>
      <group name="cucumber">
        <method signature="AbstractTestNGCucumberTests.runScenario(io.cucumber.testng.PickleWrapper,io.cucumber.testng.FeatureWrapper)[pri:0, instance:runner.StaticCucumberRunner@26d9b808]" name="runScenario" class="io.cucumber.testng.AbstractTestNGCucumberTests"/>
      </group> <!-- cucumber -->
    </groups>
    <test started-at="2024-09-02T15:11:35 IST" name="Default test" finished-at="2024-09-02T15:12:37 IST" duration-ms="62077">
      <class name="runner.StaticCucumberRunner">
        <test-method is-config="true" signature="setUpClass(org.testng.ITestContext)[pri:0, instance:runner.StaticCucumberRunner@26d9b808]" started-at="2024-09-02T15:11:35 IST" name="setUpClass" finished-at="2024-09-02T15:11:36 IST" duration-ms="553" status="PASS">
          <params>
            <param index="0">
              <value>
                <![CDATA[org.testng.TestRunner@2de9ca6]]>
              </value>
            </param>
          </params>
          <reporter-output>
          </reporter-output>
        </test-method> <!-- setUpClass -->
        <test-method signature="runScenario(io.cucumber.testng.PickleWrapper,io.cucumber.testng.FeatureWrapper)[pri:0, instance:runner.StaticCucumberRunner@26d9b808]" started-at="2024-09-02T15:11:36 IST" name="runScenario" description="Runs Cucumber Scenarios" data-provider="scenarios" finished-at="2024-09-02T15:12:34 IST" duration-ms="58623" status="PASS">
          <params>
            <param index="0">
              <value>
                <![CDATA["Editing the account with set of data"]]>
              </value>
            </param>
            <param index="1">
              <value>
                <![CDATA["Check the functionality of edit account"]]>
              </value>
            </param>
          </params>
          <reporter-output>
          </reporter-output>
        </test-method> <!-- runScenario -->
        <test-method is-config="true" signature="tearDownClass()[pri:0, instance:runner.StaticCucumberRunner@26d9b808]" started-at="2024-09-02T15:12:34 IST" name="tearDownClass" finished-at="2024-09-02T15:12:37 IST" duration-ms="2868" status="PASS">
          <reporter-output>
          </reporter-output>
        </test-method> <!-- tearDownClass -->
      </class> <!-- runner.StaticCucumberRunner -->
    </test> <!-- Default test -->
  </suite> <!-- Default suite -->
</testng-results>
